<?xml version="1.0" encoding="UTF-8"?>
<testng-results ignored="0" total="1" passed="1" failed="0" skipped="0">
  <reporter-output>
  </reporter-output>
  <suite started-at="2026-06-07T23:23:19 IST" name="Default suite" finished-at="2026-06-07T23:23:29 IST" duration-ms="9662">
    <groups>
    </groups>
    <test started-at="2026-06-07T23:23:19 IST" name="Default test" finished-at="2026-06-07T23:23:29 IST" duration-ms="9662">
      <class name="orangeHRM_admin.adminAbleToAddNewUsersTest">
        <test-method signature="getAddNewUser()[pri:0, instance:orangeHRM_admin.adminAbleToAddNewUsersTest@2d1ef81a]" started-at="2026-06-07T23:23:19 IST" name="getAddNewUser" finished-at="2026-06-07T23:23:29 IST" duration-ms="9618" status="PASS">
          <reporter-output>
          </reporter-output>
        </test-method> <!-- getAddNewUser -->
      </class> <!-- orangeHRM_admin.adminAbleToAddNewUsersTest -->
    </test> <!-- Default test -->
  </suite> <!-- Default suite -->
</testng-results>
